[2023-12-26 10:34:49,452] http-nio-8082-exec-2 com.bt1.qltv1.service.impl.AuthService 127 INFO   - Optional[BaseEntity(createdDate=2023-12-17T19:22:50, modifiedDate=2023-12-17T19:22:52, createdBy=null, modifiedBy=null)]
[2023-12-26 10:34:50,119] http-nio-8082-exec-2 com.bt1.qltv1.service.impl.AuditorAwareImpl 15 INFO   - anonymousUser
[2023-12-26 10:37:56,309] http-nio-8082-exec-5 com.bt1.qltv1.service.impl.AuthService 127 INFO   - Optional[BaseEntity(createdDate=2023-12-17T19:22:50, modifiedDate=2023-12-17T19:22:52, createdBy=null, modifiedBy=null)]
[2023-12-26 10:37:56,453] http-nio-8082-exec-5 com.bt1.qltv1.service.impl.AuditorAwareImpl 15 INFO   - anonymousUser
[2023-12-26 10:38:54,390] http-nio-8082-exec-6 com.bt1.qltv1.util.AuthenticationEventListener 27 INFO   - login success
[2023-12-26 10:38:54,820] http-nio-8082-exec-6 com.bt1.qltv1.util.JwtUtil 44 INFO   - expired date: 2024-01-02T10:38:54
[2023-12-26 10:38:54,828] http-nio-8082-exec-6 com.bt1.qltv1.service.impl.SessionServiceImpl 25 INFO   - Save session: 6
[2023-12-26 10:41:45,735] http-nio-8082-exec-1 com.bt1.qltv1.util.AuthenticationEventListener 27 INFO   - login success
[2023-12-26 10:41:45,924] http-nio-8082-exec-1 com.bt1.qltv1.util.JwtUtil 44 INFO   - expired date: 2024-01-02T10:41:45
[2023-12-26 10:41:45,942] http-nio-8082-exec-1 com.bt1.qltv1.service.impl.SessionServiceImpl 25 INFO   - Save session: 6
[2023-12-26 10:45:26,541] http-nio-8082-exec-2 com.bt1.qltv1.util.JwtUtil 61 INFO   - now 2023-12-26T10:45:26.540894900
[2023-12-26 10:45:26,707] http-nio-8082-exec-2 com.bt1.qltv1.util.JwtUtil 44 INFO   - expired date: 2023-12-26T10:52:56
[2023-12-26 10:48:22,253] http-nio-8082-exec-1 com.bt1.qltv1.util.AuthenticationEventListener 27 INFO   - login success
[2023-12-26 10:48:22,259] http-nio-8082-exec-1 com.bt1.qltv1.util.AuthenticationEventListener 29 INFO   - true
[2023-12-26 10:48:22,436] http-nio-8082-exec-1 com.bt1.qltv1.util.JwtUtil 44 INFO   - expired date: 2024-01-02T10:48:22
[2023-12-26 10:48:51,834] http-nio-8082-exec-3 com.bt1.qltv1.util.AuthenticationEventListener 27 INFO   - login success
[2023-12-26 10:48:51,835] http-nio-8082-exec-3 com.bt1.qltv1.util.AuthenticationEventListener 29 INFO   - false
[2023-12-26 10:51:06,982] http-nio-8082-exec-4 com.bt1.qltv1.util.JwtUtil 61 INFO   - now 2023-12-26T10:51:06.980136400
[2023-12-26 14:23:20,472] http-nio-8082-exec-5 com.bt1.qltv1.util.AuthenticationEventListener 27 INFO   - login success
[2023-12-26 14:23:20,802] http-nio-8082-exec-5 com.bt1.qltv1.util.AuthenticationEventListener 29 INFO   - true
[2023-12-26 14:23:20,976] http-nio-8082-exec-3 com.bt1.qltv1.util.AuthenticationEventListener 27 INFO   - login success
[2023-12-26 14:23:20,977] http-nio-8082-exec-3 com.bt1.qltv1.util.AuthenticationEventListener 29 INFO   - true
[2023-12-26 14:23:22,132] http-nio-8082-exec-4 com.bt1.qltv1.util.AuthenticationEventListener 27 INFO   - login success
[2023-12-26 14:23:22,133] http-nio-8082-exec-4 com.bt1.qltv1.util.AuthenticationEventListener 29 INFO   - true
[2023-12-26 14:23:33,236] http-nio-8082-exec-7 com.bt1.qltv1.util.AuthenticationEventListener 27 INFO   - login success
[2023-12-26 14:23:33,237] http-nio-8082-exec-7 com.bt1.qltv1.util.AuthenticationEventListener 29 INFO   - true
[2023-12-26 14:32:58,135] http-nio-8082-exec-1 com.bt1.qltv1.util.AuthenticationEventListener 27 INFO   - login success
[2023-12-26 14:32:58,137] http-nio-8082-exec-1 com.bt1.qltv1.util.AuthenticationEventListener 29 INFO   - true
[2023-12-26 14:32:58,845] http-nio-8082-exec-5 com.bt1.qltv1.util.AuthenticationEventListener 27 INFO   - login success
[2023-12-26 14:32:58,846] http-nio-8082-exec-5 com.bt1.qltv1.util.AuthenticationEventListener 29 INFO   - true
[2023-12-26 14:35:44,095] http-nio-8082-exec-4 com.bt1.qltv1.util.AuthenticationEventListener 27 INFO   - login success
[2023-12-26 14:35:44,096] http-nio-8082-exec-4 com.bt1.qltv1.util.AuthenticationEventListener 29 INFO   - true
[2023-12-26 14:35:44,449] http-nio-8082-exec-4 com.bt1.qltv1.service.impl.AuthService 127 INFO   - Optional[BaseEntity(createdDate=2023-12-17T19:22:50, modifiedDate=2023-12-17T19:22:52, createdBy=null, modifiedBy=null)]
[2023-12-26 14:35:44,626] http-nio-8082-exec-4 com.bt1.qltv1.service.impl.AuditorAwareImpl 15 INFO   - admin@gmail.com
[2023-12-26 14:36:36,372] http-nio-8082-exec-7 com.bt1.qltv1.util.AuthenticationEventListener 27 INFO   - login success
[2023-12-26 14:36:36,374] http-nio-8082-exec-7 com.bt1.qltv1.util.AuthenticationEventListener 29 INFO   - true
[2023-12-26 14:36:36,405] http-nio-8082-exec-7 com.bt1.qltv1.util.JwtUtil 61 INFO   - now 2023-12-26T14:36:36.405540300
[2023-12-26 14:36:36,515] http-nio-8082-exec-7 com.bt1.qltv1.util.JwtUtil 44 INFO   - expired date: 2023-12-26T14:50:44
[2023-12-26 14:36:37,053] http-nio-8082-exec-9 com.bt1.qltv1.util.AuthenticationEventListener 27 INFO   - login success
[2023-12-26 14:36:37,054] http-nio-8082-exec-9 com.bt1.qltv1.util.AuthenticationEventListener 29 INFO   - true
[2023-12-26 14:37:44,216] http-nio-8082-exec-8 com.bt1.qltv1.util.AuthenticationEventListener 27 INFO   - login success
[2023-12-26 14:37:44,217] http-nio-8082-exec-8 com.bt1.qltv1.util.AuthenticationEventListener 29 INFO   - true
[2023-12-26 14:37:44,367] http-nio-8082-exec-8 com.bt1.qltv1.util.AuthenticationEventListener 27 INFO   - login success
[2023-12-26 14:37:44,368] http-nio-8082-exec-8 com.bt1.qltv1.util.AuthenticationEventListener 29 INFO   - false
[2023-12-26 15:00:13,982] http-nio-8082-exec-1 com.bt1.qltv1.util.AuthenticationEventListener 60 INFO   - login fail
[2023-12-26 15:00:13,990] http-nio-8082-exec-1 com.bt1.qltv1.service.impl.UserServiceImpl 63 INFO   - login fail attempts 1
[2023-12-26 15:00:30,206] http-nio-8082-exec-2 com.bt1.qltv1.util.AuthenticationEventListener 60 INFO   - login fail
[2023-12-26 15:00:30,207] http-nio-8082-exec-2 com.bt1.qltv1.service.impl.UserServiceImpl 63 INFO   - login fail attempts 2
[2023-12-26 15:00:33,187] http-nio-8082-exec-3 com.bt1.qltv1.util.AuthenticationEventListener 60 INFO   - login fail
[2023-12-26 15:00:33,189] http-nio-8082-exec-3 com.bt1.qltv1.service.impl.UserServiceImpl 63 INFO   - login fail attempts 3
[2023-12-26 15:00:34,708] http-nio-8082-exec-4 com.bt1.qltv1.util.AuthenticationEventListener 60 INFO   - login fail
[2023-12-26 15:00:34,713] http-nio-8082-exec-4 com.bt1.qltv1.service.impl.UserServiceImpl 77 INFO   - lock time 2023-12-26T15:30:34.713509400
[2023-12-26 15:00:34,774] http-nio-8082-exec-4 com.bt1.qltv1.service.impl.AuditorAwareImpl 15 INFO   - anonymousUser
[2023-12-26 15:00:35,490] http-nio-8082-exec-4 com.bt1.qltv1.service.impl.UserServiceImpl 80 INFO   - lock account:ngoanh91thangnhat@gmail.com in time 2023-12-26T15:30:34.713509400
[2023-12-26 15:01:11,206] http-nio-8082-exec-6 com.bt1.qltv1.util.AuthenticationEventListener 27 INFO   - login success
[2023-12-26 15:01:11,208] http-nio-8082-exec-6 com.bt1.qltv1.util.AuthenticationEventListener 29 INFO   - false
[2023-12-26 15:01:30,247] http-nio-8082-exec-8 com.bt1.qltv1.util.AuthenticationEventListener 27 INFO   - login success
[2023-12-26 15:01:30,249] http-nio-8082-exec-8 com.bt1.qltv1.util.AuthenticationEventListener 29 INFO   - true
[2023-12-26 15:01:30,277] http-nio-8082-exec-8 com.bt1.qltv1.util.AuthenticationEventListener 43 WARN   - Account ngoanh91thangnhat@gmail.com will unlock after -29m -5s
[2023-12-26 15:03:02,134] http-nio-8082-exec-10 com.bt1.qltv1.util.AuthenticationEventListener 27 INFO   - login success
[2023-12-26 15:03:02,137] http-nio-8082-exec-10 com.bt1.qltv1.util.AuthenticationEventListener 29 INFO   - true
[2023-12-26 15:03:02,139] http-nio-8082-exec-10 com.bt1.qltv1.util.AuthenticationEventListener 43 WARN   - Account ngoanh91thangnhat@gmail.com will unlock after 0m -33s
[2023-12-26 15:03:10,020] http-nio-8082-exec-1 com.bt1.qltv1.util.AuthenticationEventListener 27 INFO   - login success
[2023-12-26 15:03:10,021] http-nio-8082-exec-1 com.bt1.qltv1.util.AuthenticationEventListener 29 INFO   - true
[2023-12-26 15:03:10,023] http-nio-8082-exec-1 com.bt1.qltv1.util.AuthenticationEventListener 43 WARN   - Account ngoanh91thangnhat@gmail.com will unlock after 0m -25s
[2023-12-26 15:03:11,956] http-nio-8082-exec-2 com.bt1.qltv1.util.AuthenticationEventListener 27 INFO   - login success
[2023-12-26 15:03:11,957] http-nio-8082-exec-2 com.bt1.qltv1.util.AuthenticationEventListener 29 INFO   - true
[2023-12-26 15:03:11,958] http-nio-8082-exec-2 com.bt1.qltv1.util.AuthenticationEventListener 43 WARN   - Account ngoanh91thangnhat@gmail.com will unlock after 0m -24s
[2023-12-26 15:03:17,497] http-nio-8082-exec-4 com.bt1.qltv1.util.AuthenticationEventListener 27 INFO   - login success
[2023-12-26 15:03:17,499] http-nio-8082-exec-4 com.bt1.qltv1.util.AuthenticationEventListener 29 INFO   - true
[2023-12-26 15:03:17,502] http-nio-8082-exec-4 com.bt1.qltv1.util.AuthenticationEventListener 43 WARN   - Account ngoanh91thangnhat@gmail.com will unlock after 0m -18s
[2023-12-26 15:03:27,920] http-nio-8082-exec-5 com.bt1.qltv1.util.AuthenticationEventListener 27 INFO   - login success
[2023-12-26 15:03:27,925] http-nio-8082-exec-5 com.bt1.qltv1.util.AuthenticationEventListener 29 INFO   - true
[2023-12-26 15:03:27,926] http-nio-8082-exec-5 com.bt1.qltv1.util.AuthenticationEventListener 43 WARN   - Account ngoanh91thangnhat@gmail.com will unlock after 0m -8s
[2023-12-26 15:03:33,817] http-nio-8082-exec-7 com.bt1.qltv1.util.AuthenticationEventListener 27 INFO   - login success
[2023-12-26 15:03:33,818] http-nio-8082-exec-7 com.bt1.qltv1.util.AuthenticationEventListener 29 INFO   - true
[2023-12-26 15:03:33,820] http-nio-8082-exec-7 com.bt1.qltv1.util.AuthenticationEventListener 43 WARN   - Account ngoanh91thangnhat@gmail.com will unlock after 0m -2s
[2023-12-26 15:03:36,585] http-nio-8082-exec-8 com.bt1.qltv1.util.AuthenticationEventListener 27 INFO   - login success
[2023-12-26 15:03:36,586] http-nio-8082-exec-8 com.bt1.qltv1.util.AuthenticationEventListener 29 INFO   - true
[2023-12-26 15:03:36,586] http-nio-8082-exec-8 com.bt1.qltv1.util.AuthenticationEventListener 43 WARN   - Account ngoanh91thangnhat@gmail.com will unlock after 0m 1s
[2023-12-26 15:03:39,197] http-nio-8082-exec-9 com.bt1.qltv1.util.AuthenticationEventListener 27 INFO   - login success
[2023-12-26 15:03:39,199] http-nio-8082-exec-9 com.bt1.qltv1.util.AuthenticationEventListener 29 INFO   - true
[2023-12-26 15:03:39,200] http-nio-8082-exec-9 com.bt1.qltv1.util.AuthenticationEventListener 43 WARN   - Account ngoanh91thangnhat@gmail.com will unlock after 0m 4s
[2023-12-26 15:03:42,258] http-nio-8082-exec-1 com.bt1.qltv1.util.AuthenticationEventListener 27 INFO   - login success
[2023-12-26 15:03:42,259] http-nio-8082-exec-1 com.bt1.qltv1.util.AuthenticationEventListener 29 INFO   - true
[2023-12-26 15:03:42,262] http-nio-8082-exec-1 com.bt1.qltv1.util.AuthenticationEventListener 43 WARN   - Account ngoanh91thangnhat@gmail.com will unlock after 0m 7s
[2023-12-26 15:03:43,499] http-nio-8082-exec-2 com.bt1.qltv1.util.AuthenticationEventListener 27 INFO   - login success
[2023-12-26 15:03:43,500] http-nio-8082-exec-2 com.bt1.qltv1.util.AuthenticationEventListener 29 INFO   - true
[2023-12-26 15:03:43,501] http-nio-8082-exec-2 com.bt1.qltv1.util.AuthenticationEventListener 43 WARN   - Account ngoanh91thangnhat@gmail.com will unlock after 0m 8s
[2023-12-26 15:03:44,305] http-nio-8082-exec-3 com.bt1.qltv1.util.AuthenticationEventListener 27 INFO   - login success
[2023-12-26 15:03:44,306] http-nio-8082-exec-3 com.bt1.qltv1.util.AuthenticationEventListener 29 INFO   - true
[2023-12-26 15:03:44,307] http-nio-8082-exec-3 com.bt1.qltv1.util.AuthenticationEventListener 43 WARN   - Account ngoanh91thangnhat@gmail.com will unlock after 0m 9s
[2023-12-26 15:03:45,287] http-nio-8082-exec-4 com.bt1.qltv1.util.AuthenticationEventListener 27 INFO   - login success
[2023-12-26 15:03:45,288] http-nio-8082-exec-4 com.bt1.qltv1.util.AuthenticationEventListener 29 INFO   - true
[2023-12-26 15:03:45,289] http-nio-8082-exec-4 com.bt1.qltv1.util.AuthenticationEventListener 43 WARN   - Account ngoanh91thangnhat@gmail.com will unlock after 0m 10s
[2023-12-26 15:03:46,893] http-nio-8082-exec-5 com.bt1.qltv1.util.AuthenticationEventListener 27 INFO   - login success
[2023-12-26 15:03:46,894] http-nio-8082-exec-5 com.bt1.qltv1.util.AuthenticationEventListener 29 INFO   - true
[2023-12-26 15:03:46,895] http-nio-8082-exec-5 com.bt1.qltv1.util.AuthenticationEventListener 43 WARN   - Account ngoanh91thangnhat@gmail.com will unlock after 0m 11s
[2023-12-26 15:03:57,303] http-nio-8082-exec-7 com.bt1.qltv1.util.AuthenticationEventListener 27 INFO   - login success
[2023-12-26 15:03:57,305] http-nio-8082-exec-7 com.bt1.qltv1.util.AuthenticationEventListener 29 INFO   - true
[2023-12-26 15:03:57,307] http-nio-8082-exec-7 com.bt1.qltv1.util.AuthenticationEventListener 43 WARN   - Account ngoanh91thangnhat@gmail.com will unlock after 0m 22s
[2023-12-26 15:04:00,325] http-nio-8082-exec-8 com.bt1.qltv1.util.AuthenticationEventListener 27 INFO   - login success
[2023-12-26 15:04:00,326] http-nio-8082-exec-8 com.bt1.qltv1.util.AuthenticationEventListener 29 INFO   - true
[2023-12-26 15:04:00,328] http-nio-8082-exec-8 com.bt1.qltv1.util.AuthenticationEventListener 43 WARN   - Account ngoanh91thangnhat@gmail.com will unlock after 0m 25s
[2023-12-26 15:04:06,677] http-nio-8082-exec-10 com.bt1.qltv1.util.AuthenticationEventListener 27 INFO   - login success
[2023-12-26 15:04:06,678] http-nio-8082-exec-10 com.bt1.qltv1.util.AuthenticationEventListener 29 INFO   - true
[2023-12-26 15:04:06,679] http-nio-8082-exec-10 com.bt1.qltv1.util.AuthenticationEventListener 43 WARN   - Account ngoanh91thangnhat@gmail.com will unlock after 0m 31s
[2023-12-26 15:05:13,096] http-nio-8082-exec-2 com.bt1.qltv1.util.AuthenticationEventListener 27 INFO   - login success
[2023-12-26 15:05:13,098] http-nio-8082-exec-2 com.bt1.qltv1.util.AuthenticationEventListener 29 INFO   - true
[2023-12-26 15:05:13,099] http-nio-8082-exec-2 com.bt1.qltv1.util.AuthenticationEventListener 43 WARN   - Account ngoanh91thangnhat@gmail.com will unlock after 1m 38s
[2023-12-26 15:05:16,480] http-nio-8082-exec-3 com.bt1.qltv1.util.AuthenticationEventListener 27 INFO   - login success
[2023-12-26 15:05:16,481] http-nio-8082-exec-3 com.bt1.qltv1.util.AuthenticationEventListener 29 INFO   - true
[2023-12-26 15:05:16,483] http-nio-8082-exec-3 com.bt1.qltv1.util.AuthenticationEventListener 43 WARN   - Account ngoanh91thangnhat@gmail.com will unlock after 1m 41s
[2023-12-26 15:05:26,379] http-nio-8082-exec-6 com.bt1.qltv1.util.AuthenticationEventListener 27 INFO   - login success
[2023-12-26 15:05:26,381] http-nio-8082-exec-6 com.bt1.qltv1.util.AuthenticationEventListener 29 INFO   - true
[2023-12-26 15:05:26,382] http-nio-8082-exec-6 com.bt1.qltv1.util.AuthenticationEventListener 43 WARN   - Account ngoanh91thangnhat@gmail.com will unlock after 1m 51s
[2023-12-26 15:05:29,492] http-nio-8082-exec-7 com.bt1.qltv1.util.AuthenticationEventListener 27 INFO   - login success
[2023-12-26 15:05:29,496] http-nio-8082-exec-7 com.bt1.qltv1.util.AuthenticationEventListener 29 INFO   - true
[2023-12-26 15:05:29,497] http-nio-8082-exec-7 com.bt1.qltv1.util.AuthenticationEventListener 43 WARN   - Account ngoanh91thangnhat@gmail.com will unlock after 1m 54s
[2023-12-26 15:05:57,384] http-nio-8082-exec-8 com.bt1.qltv1.util.AuthenticationEventListener 27 INFO   - login success
[2023-12-26 15:05:57,385] http-nio-8082-exec-8 com.bt1.qltv1.util.AuthenticationEventListener 29 INFO   - true
[2023-12-26 15:05:57,555] http-nio-8082-exec-8 com.bt1.qltv1.util.JwtUtil 44 INFO   - expired date: 2024-01-02T15:05:57
[2023-12-26 15:07:02,782] http-nio-8082-exec-1 com.bt1.qltv1.util.JwtUtil 61 INFO   - now 2023-12-26T15:07:02.782124700
[2023-12-26 15:07:02,788] http-nio-8082-exec-1 com.bt1.qltv1.util.JwtUtil 44 INFO   - expired date: 2023-12-27T15:05:57
[2023-12-26 15:07:02,833] http-nio-8082-exec-1 com.bt1.qltv1.service.impl.AuthService 88 INFO   - access token: eyJhbGciOiJIUzI1NiJ9.eyJzdWIiOiJuZ29hbmg5MXRoYW5nbmhhdEBnbWFpbC5jb20iLCJleHAiOjE3MDM2NjQ0MjIsImlhdCI6MTcwMzU3ODAyMiwianRpIjoiN2E2ZWM1NmFhZWE2NDc1YjgyNzA1Yzk3ZmY5OGJkMzcifQ.0Ne-b8WPGEtpQMOSs7qAHc8hbiTXU_GofE4Y7S8fzV4
[2023-12-26 15:07:02,839] http-nio-8082-exec-1 com.bt1.qltv1.service.impl.AuthService 94 INFO   - RefreshTokenResponse: RefreshTokenResponse(accessToken=eyJhbGciOiJIUzI1NiJ9.eyJzdWIiOiJuZ29hbmg5MXRoYW5nbmhhdEBnbWFpbC5jb20iLCJleHAiOjE3MDM2NjQ0MjIsImlhdCI6MTcwMzU3ODAyMiwianRpIjoiN2E2ZWM1NmFhZWE2NDc1YjgyNzA1Yzk3ZmY5OGJkMzcifQ.0Ne-b8WPGEtpQMOSs7qAHc8hbiTXU_GofE4Y7S8fzV4, refreshToken=eyJhbGciOiJIUzI1NiJ9.eyJzdWIiOiJuZ29hbmg5MXRoYW5nbmhhdEBnbWFpbC5jb20iLCJleHAiOjE3MDM2NjQzNTcsImlhdCI6MTcwMzU3Nzk1NywianRpIjoiN2E2ZWM1NmFhZWE2NDc1YjgyNzA1Yzk3ZmY5OGJkMzcifQ.N7WgZ7bH-kekvzBXzM9UElS17aYTS_YHuNaZzaoC7x8)
[2023-12-26 15:14:23,981] http-nio-8082-exec-6 com.bt1.qltv1.util.JwtUtil 61 INFO   - now 2023-12-26T15:14:23.981052200
[2023-12-26 15:14:23,986] http-nio-8082-exec-6 com.bt1.qltv1.util.JwtUtil 44 INFO   - expired date: 2023-12-27T15:05:57
[2023-12-26 15:20:48,267] http-nio-8082-exec-1 com.bt1.qltv1.util.JwtUtil 61 INFO   - now 2023-12-26T15:20:48.267573
[2023-12-26 15:20:48,271] http-nio-8082-exec-1 com.bt1.qltv1.util.JwtUtil 44 INFO   - expired date: 2023-12-27T15:05:57
[2023-12-26 15:20:48,309] http-nio-8082-exec-1 com.bt1.qltv1.service.impl.SessionServiceImpl 55 ERROR  - Not found user session with jti 7a6ec56aaea6475b82705c97ff98bd37
[2023-12-26 15:21:07,990] http-nio-8082-exec-2 com.bt1.qltv1.util.JwtUtil 61 INFO   - now 2023-12-26T15:21:07.990068900
[2023-12-26 15:21:07,993] http-nio-8082-exec-2 com.bt1.qltv1.util.JwtUtil 44 INFO   - expired date: 2023-12-27T15:05:57
[2023-12-26 15:29:43,958] http-nio-8082-exec-1 com.bt1.qltv1.util.AuthenticationEventListener 27 INFO   - login success
[2023-12-26 15:29:43,964] http-nio-8082-exec-1 com.bt1.qltv1.util.AuthenticationEventListener 29 INFO   - true
[2023-12-26 15:29:43,968] http-nio-8082-exec-1 com.bt1.qltv1.util.AuthenticationEventListener 43 WARN   - Account ngoanh91thangnhat@gmail.com will unlock after 0m -52s
[2023-12-26 15:33:26,743] http-nio-8082-exec-2 com.bt1.qltv1.util.AuthenticationEventListener 27 INFO   - login success
[2023-12-26 15:33:26,749] http-nio-8082-exec-2 com.bt1.qltv1.util.AuthenticationEventListener 29 INFO   - true
[2023-12-26 15:33:26,753] http-nio-8082-exec-2 com.bt1.qltv1.util.AuthenticationEventListener 43 WARN   - Account ngoanh91thangnhat@gmail.com will unlock after 0m -9s
[2023-12-26 15:33:48,302] http-nio-8082-exec-3 com.bt1.qltv1.util.AuthenticationEventListener 27 INFO   - login success
[2023-12-26 15:33:48,304] http-nio-8082-exec-3 com.bt1.qltv1.util.AuthenticationEventListener 29 INFO   - true
[2023-12-26 15:33:48,306] http-nio-8082-exec-3 com.bt1.qltv1.util.AuthenticationEventListener 49 INFO   - Unlock ngoanh91thangnhat@gmail.com
[2023-12-26 15:33:48,374] http-nio-8082-exec-3 com.bt1.qltv1.service.impl.AuditorAwareImpl 15 INFO   - anonymousUser
[2023-12-26 15:33:49,109] http-nio-8082-exec-3 com.bt1.qltv1.service.impl.UserServiceImpl 91 INFO   - User after unlock: BaseEntity(createdDate=2023-12-26T10:37:56.455380, modifiedDate=2023-12-26T15:33:48.793945800, createdBy=anonymousUser, modifiedBy=anonymousUser)
[2023-12-26 15:33:49,360] http-nio-8082-exec-3 com.bt1.qltv1.util.JwtUtil 44 INFO   - expired date: 2024-01-02T15:33:49
[2023-12-26 15:39:24,191] http-nio-8082-exec-2 com.bt1.qltv1.util.AuthenticationEventListener 27 INFO   - login success
[2023-12-26 15:39:24,196] http-nio-8082-exec-2 com.bt1.qltv1.util.AuthenticationEventListener 29 INFO   - true
[2023-12-26 15:39:24,203] http-nio-8082-exec-2 com.bt1.qltv1.util.AuthenticationEventListener 43 WARN   - Account ngoanh91thangnhat@gmail.com will unlock after 0m 8s
[2023-12-26 17:00:58,867] http-nio-8082-exec-2 com.bt1.qltv1.util.JwtUtil 61 INFO   - now 2023-12-26T17:00:58.866445600
[2023-12-26 17:00:58,876] http-nio-8082-exec-2 com.bt1.qltv1.util.JwtUtil 44 INFO   - expired date: 2023-12-31T22:18:10
[2023-12-26 17:00:58,884] http-nio-8082-exec-2 com.bt1.qltv1.util.JwtUtil 44 INFO   - expired date: 2023-12-31T22:18:10
[2023-12-26 17:03:51,236] http-nio-8082-exec-5 com.bt1.qltv1.util.AuthenticationEventListener 27 INFO   - login success
[2023-12-26 17:03:51,238] http-nio-8082-exec-5 com.bt1.qltv1.util.AuthenticationEventListener 29 INFO   - true
[2023-12-26 17:03:51,291] http-nio-8082-exec-5 com.bt1.qltv1.service.impl.MfaServiceImpl 43 INFO   - false
[2023-12-26 17:04:00,860] http-nio-8082-exec-6 com.bt1.qltv1.util.AuthenticationEventListener 27 INFO   - login success
[2023-12-26 17:04:00,863] http-nio-8082-exec-6 com.bt1.qltv1.util.AuthenticationEventListener 29 INFO   - true
[2023-12-26 17:04:00,882] http-nio-8082-exec-6 com.bt1.qltv1.service.impl.MfaServiceImpl 43 INFO   - true
[2023-12-26 17:04:00,928] http-nio-8082-exec-6 com.bt1.qltv1.util.JwtUtil 44 INFO   - expired date: 2024-01-02T17:04
[2023-12-26 17:04:00,942] http-nio-8082-exec-6 com.bt1.qltv1.service.impl.SessionServiceImpl 27 INFO   - Save session: 3
[2023-12-26 17:04:01,233] http-nio-8082-exec-6 com.bt1.qltv1.service.AuthService 83 INFO   - LoginResponse(accessToken=eyJhbGciOiJIUzI1NiJ9.eyJzdWIiOiJhQGdtYWlsLmNvbSIsImV4cCI6MTcwMzY3MTQ0MCwiaWF0IjoxNzAzNTg1MDQwLCJqdGkiOiIxZTNlMTUyMDFlNTY0N2QyOTVmZWE3NTVjN2YyM2FmNiJ9.FUvGWEWUdny2PjQ4segbsUtqDdS8t1y5Q9_zphjgl6M, refreshToken=eyJhbGciOiJIUzI1NiJ9.eyJzdWIiOiJhQGdtYWlsLmNvbSIsImV4cCI6MTcwNDE4OTg0MCwiaWF0IjoxNzAzNTg1MDQwLCJqdGkiOiIxZTNlMTUyMDFlNTY0N2QyOTVmZWE3NTVjN2YyM2FmNiJ9.JIbX4LhAOLGcaaI71MfPT-oGglTR9ZoF7KD-F6Py3yc, id=3, username=a@gmail.com, role=[ROLE_USER])
[2023-12-26 17:04:34,998] http-nio-8082-exec-7 com.bt1.qltv1.util.JwtUtil 61 INFO   - now 2023-12-26T17:04:34.998688400
[2023-12-26 17:04:35,005] http-nio-8082-exec-7 com.bt1.qltv1.util.JwtUtil 44 INFO   - expired date: 2023-12-27T17:04
[2023-12-26 17:04:35,009] http-nio-8082-exec-7 com.bt1.qltv1.util.JwtUtil 44 INFO   - expired date: 2023-12-27T17:04
